2023-09-03 20:22:19,322 [Worker-6: Loading available Gradle versions] INFO  o.e.b.c.i.u.g.PublishedGradleVersions - Gradle version information cache is up-to-date. Trying to read.
2023-09-03 20:25:36,632 [Worker-27: Updating Maven Dependencies] INFO  o.e.m.c.i.l.LifecycleMappingFactory - Using org.maven.ide.eclipse.wtp.WarLifecycleMapping lifecycle mapping for MavenProject: com.cdacprj:pms:0.0.1-SNAPSHOT @ C:\Users\tarun\OneDrive\Desktop\final project\Online-Pet-Store-Management-master\Online-Pet-Store-Management-master\Back End Spring Boot\PetStore\pom.xml.
2023-09-03 20:25:37,951 [Worker-28: Building] INFO  o.e.m.c.i.l.LifecycleMappingFactory - Using org.maven.ide.eclipse.wtp.WarLifecycleMapping lifecycle mapping for MavenProject: com.cdacprj:pms:0.0.1-SNAPSHOT @ C:\Users\tarun\OneDrive\Desktop\final project\Online-Pet-Store-Management-master\Online-Pet-Store-Management-master\Back End Spring Boot\PetStore\pom.xml.
2023-09-03 20:25:40,960 [Worker-28: Building] INFO  o.e.m.c.i.embedder.EclipseLogger - Using 'UTF-8' encoding to copy filtered resources.
2023-09-03 20:25:40,961 [Worker-28: Building] INFO  o.e.m.c.i.embedder.EclipseLogger - Using 'UTF-8' encoding to copy filtered properties files.
2023-09-03 20:25:40,971 [Worker-28: Building] INFO  o.e.m.c.i.embedder.EclipseLogger - Copying 1 resource
2023-09-03 20:25:41,006 [Worker-28: Building] INFO  o.e.m.c.i.embedder.EclipseLogger - Copying 0 resource
2023-09-03 20:25:41,014 [Worker-28: Building] INFO  o.e.m.c.i.embedder.EclipseLogger - Using 'UTF-8' encoding to copy filtered resources.
2023-09-03 20:25:41,014 [Worker-28: Building] INFO  o.e.m.c.i.embedder.EclipseLogger - Using 'UTF-8' encoding to copy filtered properties files.
2023-09-03 20:25:41,015 [Worker-28: Building] INFO  o.e.m.c.i.embedder.EclipseLogger - skip non existing resourceDirectory C:\Users\tarun\OneDrive\Desktop\final project\Online-Pet-Store-Management-master\Online-Pet-Store-Management-master\Back End Spring Boot\PetStore\src\test\resources
2023-09-03 20:25:43,261 [Worker-21: Updating Maven Dependencies] INFO  o.e.m.c.i.l.LifecycleMappingFactory - Using org.maven.ide.eclipse.wtp.WarLifecycleMapping lifecycle mapping for MavenProject: com.cdacprj:pms:0.0.1-SNAPSHOT @ C:\Users\tarun\OneDrive\Desktop\final project\Online-Pet-Store-Management-master\Online-Pet-Store-Management-master\Back End Spring Boot\PetStore\pom.xml.
2023-09-03 20:27:34,209 [Worker-29: Building] INFO  o.e.m.c.i.embedder.EclipseLogger - Using 'UTF-8' encoding to copy filtered resources.
2023-09-03 20:27:34,210 [Worker-29: Building] INFO  o.e.m.c.i.embedder.EclipseLogger - Using 'UTF-8' encoding to copy filtered properties files.
2023-09-03 20:27:34,218 [Worker-29: Building] INFO  o.e.m.c.i.embedder.EclipseLogger - Copying 1 resource
2023-09-03 20:27:34,247 [Worker-29: Building] INFO  o.e.m.c.i.embedder.EclipseLogger - Copying 0 resource
2023-09-03 20:27:34,258 [Worker-29: Building] INFO  o.e.m.c.i.embedder.EclipseLogger - Using 'UTF-8' encoding to copy filtered resources.
2023-09-03 20:27:34,258 [Worker-29: Building] INFO  o.e.m.c.i.embedder.EclipseLogger - Using 'UTF-8' encoding to copy filtered properties files.
2023-09-03 20:27:34,259 [Worker-29: Building] INFO  o.e.m.c.i.embedder.EclipseLogger - skip non existing resourceDirectory C:\Users\tarun\OneDrive\Desktop\final project\Online-Pet-Store-Management-master\Online-Pet-Store-Management-master\Back End Spring Boot\PetStore\src\test\resources
2023-09-05 09:36:38,836 [Worker-1: Loading available Gradle versions] INFO  o.e.b.c.i.u.g.PublishedGradleVersions - Gradle version information cache is out-of-date. Trying to update.
2023-09-05 09:36:39,340 [Worker-1: Loading available Gradle versions] INFO  o.e.b.c.i.u.g.PublishedGradleVersions - Updating Gradle version information cache failed. Using outdated cache.
2023-09-11 22:02:44,144 [Worker-2: Loading available Gradle versions] INFO  o.e.b.c.i.u.g.PublishedGradleVersions - Gradle version information cache is out-of-date. Trying to update.
2023-09-11 22:04:23,333 [Worker-10: Launching PmsApplication] INFO  o.e.m.c.i.embedder.EclipseLogger - Using 'UTF-8' encoding to copy filtered resources.
2023-09-11 22:04:23,342 [Worker-10: Launching PmsApplication] INFO  o.e.m.c.i.embedder.EclipseLogger - Using 'UTF-8' encoding to copy filtered properties files.
2023-09-11 22:04:23,348 [Worker-10: Launching PmsApplication] INFO  o.e.m.c.i.embedder.EclipseLogger - Copying 1 resource
2023-09-11 22:04:23,381 [Worker-10: Launching PmsApplication] INFO  o.e.m.c.i.embedder.EclipseLogger - Copying 0 resource
2023-09-11 22:04:23,397 [Worker-10: Launching PmsApplication] INFO  o.e.m.c.i.embedder.EclipseLogger - Using 'UTF-8' encoding to copy filtered resources.
2023-09-11 22:04:23,398 [Worker-10: Launching PmsApplication] INFO  o.e.m.c.i.embedder.EclipseLogger - Using 'UTF-8' encoding to copy filtered properties files.
2023-09-11 22:04:23,399 [Worker-10: Launching PmsApplication] INFO  o.e.m.c.i.embedder.EclipseLogger - skip non existing resourceDirectory C:\Users\tarun\OneDrive\Desktop\final project\Online-Pet-Store-Management-master\Online-Pet-Store-Management-master\Back End Spring Boot\PetStore\src\test\resources
2023-09-11 22:04:28,138 [Worker-0: Building] INFO  o.e.m.c.i.l.LifecycleMappingFactory - Using org.maven.ide.eclipse.wtp.WarLifecycleMapping lifecycle mapping for MavenProject: com.cdacprj:pms:0.0.1-SNAPSHOT @ C:\Users\tarun\OneDrive\Desktop\final project\Online-Pet-Store-Management-master\Online-Pet-Store-Management-master\Back End Spring Boot\PetStore\pom.xml.
2023-09-11 22:04:29,862 [Worker-0: Building] INFO  o.e.m.c.i.embedder.EclipseLogger - Using 'UTF-8' encoding to copy filtered resources.
2023-09-11 22:04:29,862 [Worker-0: Building] INFO  o.e.m.c.i.embedder.EclipseLogger - Using 'UTF-8' encoding to copy filtered properties files.
2023-09-11 22:04:29,873 [Worker-0: Building] INFO  o.e.m.c.i.embedder.EclipseLogger - Copying 1 resource
2023-09-11 22:04:29,900 [Worker-0: Building] INFO  o.e.m.c.i.embedder.EclipseLogger - Copying 0 resource
2023-09-11 22:04:29,910 [Worker-0: Building] INFO  o.e.m.c.i.embedder.EclipseLogger - Using 'UTF-8' encoding to copy filtered resources.
2023-09-11 22:04:29,910 [Worker-0: Building] INFO  o.e.m.c.i.embedder.EclipseLogger - Using 'UTF-8' encoding to copy filtered properties files.
2023-09-11 22:04:29,911 [Worker-0: Building] INFO  o.e.m.c.i.embedder.EclipseLogger - skip non existing resourceDirectory C:\Users\tarun\OneDrive\Desktop\final project\Online-Pet-Store-Management-master\Online-Pet-Store-Management-master\Back End Spring Boot\PetStore\src\test\resources
2023-09-11 22:04:29,913 [Worker-0: Building] INFO  o.e.m.w.i.f.ResourceFilteringBuildParticipant - Changed resources require a complete clean of filtered resources of PetStore
2023-09-11 22:04:29,914 [Worker-0: Building] INFO  o.e.m.w.i.f.ResourceFilteringBuildParticipant - Executing resource filtering for PetStore
